<?xml version="1.0" encoding="UTF-8"?>
<testng-results ignored="0" total="3" passed="3" failed="0" skipped="0">
  <reporter-output>
  </reporter-output>
  <suite started-at="2021-04-26T08:06:22Z" name="Default Suite" finished-at="2021-04-26T08:06:24Z" duration-ms="1416">
    <groups>
    </groups>
    <test started-at="2021-04-26T08:06:22Z" name="Practice_assignment" finished-at="2021-04-26T08:06:24Z" duration-ms="1416">
      <class name="Ques1">
        <test-method signature="DataTest(java.util.Map)[pri:0, instance:Ques1@5579bb86]" started-at="2021-04-26T08:06:24Z" name="DataTest" data-provider="data" finished-at="2021-04-26T08:06:24Z" duration-ms="11" status="PASS">
          <params>
            <param index="0">
              <value>
                <![CDATA[{City=Aligarh, DoB=04-Aug-1999, Name=lucky}]]>
              </value>
            </param>
          </params>
          <reporter-output>
          </reporter-output>
        </test-method> <!-- DataTest -->
        <test-method signature="DataTest(java.util.Map)[pri:0, instance:Ques1@5579bb86]" started-at="2021-04-26T08:06:24Z" name="DataTest" data-provider="data" finished-at="2021-04-26T08:06:24Z" duration-ms="3" status="PASS">
          <params>
            <param index="0">
              <value>
                <![CDATA[{City=Agra, DoB=11-May-1999, Name=aman}]]>
              </value>
            </param>
          </params>
          <reporter-output>
          </reporter-output>
        </test-method> <!-- DataTest -->
        <test-method signature="DataTest(java.util.Map)[pri:0, instance:Ques1@5579bb86]" started-at="2021-04-26T08:06:24Z" name="DataTest" data-provider="data" finished-at="2021-04-26T08:06:24Z" duration-ms="1" status="PASS">
          <params>
            <param index="0">
              <value>
                <![CDATA[{City=Mathura, DoB=08-Jun-1999, Name=ankur}]]>
              </value>
            </param>
          </params>
          <reporter-output>
          </reporter-output>
        </test-method> <!-- DataTest -->
      </class> <!-- Ques1 -->
    </test> <!-- Practice_assignment -->
  </suite> <!-- Default Suite -->
</testng-results>
